# JRE version: Java(TM) SE Runtime Environment (17.0.12+8) (build 17.0.12+8-LTS-286)
# Java VM: Java HotSpot(TM) 64-Bit Server VM (17.0.12+8-LTS-286, mixed mode, sharing, tiered, compressed oops, compressed class ptrs, g1 gc, windows-amd64)
GC Precious Log:
 CPUs: 12 total, 12 available
 Memory: 7501M
 Large Page Support: Disabled
 NUMA Support: Disabled
 Compressed Oops: Enabled (32-bit)
 Heap Region Size: 1M
 Heap Min Capacity: 8M
 Heap Initial Capacity: 118M
 Heap Max Capacity: 1876M
 Pre-touch: Disabled
 Parallel Workers: 10
 Concurrent Workers: 3
 Concurrent Refinement Workers: 10
 Periodic GC: Disabled
Heap:
 garbage-first heap   total 64512K, used 32120K [0x000000008ac00000, 0x0000000100000000)
  region size 1024K, 11 young (11264K), 1 survivors (1024K)
 Metaspace       used 40122K, committed 40448K, reserved 1114112K
  class space    used 4896K, committed 5056K, reserved 1048576K
GC Heap History (16 events):
Event: 1.127 GC heap before
{Heap before GC invocations=0 (full 0):
 garbage-first heap   total 120832K, used 26624K [0x000000008ac00000, 0x0000000100000000)
  region size 1024K, 23 young (23552K), 0 survivors (0K)
 Metaspace       used 6863K, committed 6976K, reserved 1114112K
  class space    used 707K, committed 768K, reserved 1048576K
}
Event: 1.136 GC heap after
{Heap after GC invocations=1 (full 0):
 garbage-first heap   total 120832K, used 6304K [0x000000008ac00000, 0x0000000100000000)
  region size 1024K, 3 young (3072K), 3 survivors (3072K)
 Metaspace       used 6863K, committed 6976K, reserved 1114112K
  class space    used 707K, committed 768K, reserved 1048576K
}
Event: 2.249 GC heap before
{Heap before GC invocations=1 (full 0):
 garbage-first heap   total 120832K, used 39072K [0x000000008ac00000, 0x0000000100000000)
  region size 1024K, 35 young (35840K), 3 survivors (3072K)
 Metaspace       used 16266K, committed 16448K, reserved 1114112K
  class space    used 1853K, committed 1920K, reserved 1048576K
}
Event: 2.261 GC heap after
{Heap after GC invocations=2 (full 0):
 garbage-first heap   total 120832K, used 7670K [0x000000008ac00000, 0x0000000100000000)
  region size 1024K, 2 young (2048K), 2 survivors (2048K)
 Metaspace       used 16266K, committed 16448K, reserved 1114112K
  class space    used 1853K, committed 1920K, reserved 1048576K
}
Event: 3.312 GC heap before
{Heap before GC invocations=2 (full 0):
 garbage-first heap   total 120832K, used 35318K [0x000000008ac00000, 0x0000000100000000)
  region size 1024K, 30 young (30720K), 2 survivors (2048K)
 Metaspace       used 21319K, committed 21504K, reserved 1114112K
  class space    used 2487K, committed 2560K, reserved 1048576K
}
Event: 3.332 GC heap after
{Heap after GC invocations=3 (full 0):
 garbage-first heap   total 120832K, used 14031K [0x000000008ac00000, 0x0000000100000000)
  region size 1024K, 8 young (8192K), 8 survivors (8192K)
 Metaspace       used 21319K, committed 21504K, reserved 1114112K
  class space    used 2487K, committed 2560K, reserved 1048576K
}
Event: 4.414 GC heap before
{Heap before GC invocations=4 (full 0):
 garbage-first heap   total 51200K, used 40655K [0x000000008ac00000, 0x0000000100000000)
  region size 1024K, 35 young (35840K), 8 survivors (8192K)
 Metaspace       used 27579K, committed 27776K, reserved 1114112K
  class space    used 3591K, committed 3648K, reserved 1048576K
}
Event: 4.435 GC heap after
{Heap after GC invocations=5 (full 0):
 garbage-first heap   total 53248K, used 16283K [0x000000008ac00000, 0x0000000100000000)
  region size 1024K, 3 young (3072K), 3 survivors (3072K)
 Metaspace       used 27579K, committed 27776K, reserved 1114112K
  class space    used 3591K, committed 3648K, reserved 1048576K
}
Event: 5.321 GC heap before
{Heap before GC invocations=5 (full 0):
 garbage-first heap   total 53248K, used 36763K [0x000000008ac00000, 0x0000000100000000)
  region size 1024K, 24 young (24576K), 3 survivors (3072K)
 Metaspace       used 33209K, committed 33472K, reserved 1114112K
  class space    used 4124K, committed 4224K, reserved 1048576K
}
Event: 5.329 GC heap after
{Heap after GC invocations=6 (full 0):
 garbage-first heap   total 53248K, used 17297K [0x000000008ac00000, 0x0000000100000000)
  region size 1024K, 1 young (1024K), 1 survivors (1024K)
 Metaspace       used 33209K, committed 33472K, reserved 1114112K
  class space    used 4124K, committed 4224K, reserved 1048576K
}
Event: 5.889 GC heap before
{Heap before GC invocations=6 (full 0):
 garbage-first heap   total 53248K, used 26513K [0x000000008ac00000, 0x0000000100000000)
  region size 1024K, 12 young (12288K), 1 survivors (1024K)
 Metaspace       used 35769K, committed 35968K, reserved 1114112K
  class space    used 4432K, committed 4544K, reserved 1048576K
}
Event: 5.897 GC heap after
{Heap after GC invocations=7 (full 0):
 garbage-first heap   total 53248K, used 18039K [0x000000008ac00000, 0x0000000100000000)
  region size 1024K, 2 young (2048K), 2 survivors (2048K)
 Metaspace       used 35769K, committed 35968K, reserved 1114112K
  class space    used 4432K, committed 4544K, reserved 1048576K
}
Event: 7.189 GC heap before
{Heap before GC invocations=8 (full 0):
 garbage-first heap   total 53248K, used 39543K [0x000000008ac00000, 0x0000000100000000)
  region size 1024K, 24 young (24576K), 2 survivors (2048K)
 Metaspace       used 37777K, committed 38016K, reserved 1114112K
  class space    used 4637K, committed 4736K, reserved 1048576K
}
Event: 7.211 GC heap after
{Heap after GC invocations=9 (full 0):
 garbage-first heap   total 53248K, used 23813K [0x000000008ac00000, 0x0000000100000000)
  region size 1024K, 3 young (3072K), 3 survivors (3072K)
 Metaspace       used 37777K, committed 38016K, reserved 1114112K
  class space    used 4637K, committed 4736K, reserved 1048576K
}
Event: 7.245 GC heap before
{Heap before GC invocations=9 (full 0):
 garbage-first heap   total 53248K, used 24837K [0x000000008ac00000, 0x0000000100000000)
  region size 1024K, 4 young (4096K), 3 survivors (3072K)
 Metaspace       used 37924K, committed 38208K, reserved 1114112K
  class space    used 4646K, committed 4800K, reserved 1048576K
}
Event: 7.257 GC heap after
{Heap after GC invocations=10 (full 0):
 garbage-first heap   total 64512K, used 23928K [0x000000008ac00000, 0x0000000100000000)
  region size 1024K, 1 young (1024K), 1 survivors (1024K)
 Metaspace       used 37924K, committed 38208K, reserved 1114112K
  class space    used 4646K, committed 4800K, reserved 1048576K
}

