# JRE version: Java(TM) SE Runtime Environment (17.0.12+8) (build 17.0.12+8-LTS-286)
# Java VM: Java HotSpot(TM) 64-Bit Server VM (17.0.12+8-LTS-286, mixed mode, sharing, tiered, compressed oops, compressed class ptrs, g1 gc, windows-amd64)
GC Precious Log:
 CPUs: 12 total, 12 available
 Memory: 7501M
 Large Page Support: Disabled
 NUMA Support: Disabled
 Compressed Oops: Enabled (32-bit)
 Heap Region Size: 1M
 Heap Min Capacity: 8M
 Heap Initial Capacity: 118M
 Heap Max Capacity: 1876M
 Pre-touch: Disabled
 Parallel Workers: 10
 Concurrent Workers: 3
 Concurrent Refinement Workers: 10
 Periodic GC: Disabled
Heap:
 garbage-first heap   total 92160K, used 65917K [0x000000008ac00000, 0x0000000100000000)
  region size 1024K, 18 young (18432K), 4 survivors (4096K)
 Metaspace       used 52813K, committed 53056K, reserved 1114112K
  class space    used 6423K, committed 6528K, reserved 1048576K
GC Heap History (20 events):
Event: 6.499 GC heap before
{Heap before GC invocations=4 (full 0):
 garbage-first heap   total 51200K, used 40537K [0x000000008ac00000, 0x0000000100000000)
  region size 1024K, 35 young (35840K), 8 survivors (8192K)
 Metaspace       used 27597K, committed 27776K, reserved 1114112K
  class space    used 3592K, committed 3648K, reserved 1048576K
}
Event: 6.519 GC heap after
{Heap after GC invocations=5 (full 0):
 garbage-first heap   total 53248K, used 16277K [0x000000008ac00000, 0x0000000100000000)
  region size 1024K, 3 young (3072K), 3 survivors (3072K)
 Metaspace       used 27597K, committed 27776K, reserved 1114112K
  class space    used 3592K, committed 3648K, reserved 1048576K
}
Event: 7.654 GC heap before
{Heap before GC invocations=5 (full 0):
 garbage-first heap   total 53248K, used 36757K [0x000000008ac00000, 0x0000000100000000)
  region size 1024K, 24 young (24576K), 3 survivors (3072K)
 Metaspace       used 33316K, committed 33600K, reserved 1114112K
  class space    used 4153K, committed 4288K, reserved 1048576K
}
Event: 7.661 GC heap after
{Heap after GC invocations=6 (full 0):
 garbage-first heap   total 53248K, used 16791K [0x000000008ac00000, 0x0000000100000000)
  region size 1024K, 1 young (1024K), 1 survivors (1024K)
 Metaspace       used 33316K, committed 33600K, reserved 1114112K
  class space    used 4153K, committed 4288K, reserved 1048576K
}
Event: 9.294 GC heap before
{Heap before GC invocations=6 (full 0):
 garbage-first heap   total 53248K, used 26007K [0x000000008ac00000, 0x0000000100000000)
  region size 1024K, 12 young (12288K), 1 survivors (1024K)
 Metaspace       used 35859K, committed 36096K, reserved 1114112K
  class space    used 4443K, committed 4544K, reserved 1048576K
}
Event: 9.302 GC heap after
{Heap after GC invocations=7 (full 0):
 garbage-first heap   total 53248K, used 17651K [0x000000008ac00000, 0x0000000100000000)
  region size 1024K, 2 young (2048K), 2 survivors (2048K)
 Metaspace       used 35859K, committed 36096K, reserved 1114112K
  class space    used 4443K, committed 4544K, reserved 1048576K
}
Event: 10.639 GC heap before
{Heap before GC invocations=8 (full 0):
 garbage-first heap   total 53248K, used 40179K [0x000000008ac00000, 0x0000000100000000)
  region size 1024K, 24 young (24576K), 2 survivors (2048K)
 Metaspace       used 37889K, committed 38144K, reserved 1114112K
  class space    used 4643K, committed 4800K, reserved 1048576K
}
Event: 10.661 GC heap after
{Heap after GC invocations=9 (full 0):
 garbage-first heap   total 53248K, used 23518K [0x000000008ac00000, 0x0000000100000000)
  region size 1024K, 3 young (3072K), 3 survivors (3072K)
 Metaspace       used 37889K, committed 38144K, reserved 1114112K
  class space    used 4643K, committed 4800K, reserved 1048576K
}
Event: 10.712 GC heap before
{Heap before GC invocations=9 (full 0):
 garbage-first heap   total 53248K, used 24542K [0x000000008ac00000, 0x0000000100000000)
  region size 1024K, 4 young (4096K), 3 survivors (3072K)
 Metaspace       used 38024K, committed 38272K, reserved 1114112K
  class space    used 4659K, committed 4800K, reserved 1048576K
}
Event: 10.725 GC heap after
{Heap after GC invocations=10 (full 0):
 garbage-first heap   total 53248K, used 24311K [0x000000008ac00000, 0x0000000100000000)
  region size 1024K, 1 young (1024K), 1 survivors (1024K)
 Metaspace       used 38024K, committed 38272K, reserved 1114112K
  class space    used 4659K, committed 4800K, reserved 1048576K
}
Event: 11.566 GC heap before
{Heap before GC invocations=10 (full 0):
 garbage-first heap   total 53248K, used 35575K [0x000000008ac00000, 0x0000000100000000)
  region size 1024K, 13 young (13312K), 1 survivors (1024K)
 Metaspace       used 40460K, committed 40704K, reserved 1114112K
  class space    used 4951K, committed 5056K, reserved 1048576K
}
Event: 11.575 GC heap after
{Heap after GC invocations=11 (full 0):
 garbage-first heap   total 89088K, used 25210K [0x000000008ac00000, 0x0000000100000000)
  region size 1024K, 2 young (2048K), 2 survivors (2048K)
 Metaspace       used 40460K, committed 40704K, reserved 1114112K
  class space    used 4951K, committed 5056K, reserved 1048576K
}
Event: 13.811 GC heap before
{Heap before GC invocations=11 (full 0):
 garbage-first heap   total 89088K, used 65146K [0x000000008ac00000, 0x0000000100000000)
  region size 1024K, 40 young (40960K), 2 survivors (2048K)
 Metaspace       used 44206K, committed 44480K, reserved 1114112K
  class space    used 5380K, committed 5504K, reserved 1048576K
}
Event: 13.842 GC heap after
{Heap after GC invocations=12 (full 0):
 garbage-first heap   total 89088K, used 36751K [0x000000008ac00000, 0x0000000100000000)
  region size 1024K, 5 young (5120K), 5 survivors (5120K)
 Metaspace       used 44206K, committed 44480K, reserved 1114112K
  class space    used 5380K, committed 5504K, reserved 1048576K
}
Event: 16.237 GC heap before
{Heap before GC invocations=12 (full 0):
 garbage-first heap   total 89088K, used 65423K [0x000000008ac00000, 0x0000000100000000)
  region size 1024K, 33 young (33792K), 5 survivors (5120K)
 Metaspace       used 51123K, committed 51392K, reserved 1114112K
  class space    used 6311K, committed 6400K, reserved 1048576K
}
Event: 16.255 GC heap after
{Heap after GC invocations=13 (full 0):
 garbage-first heap   total 89088K, used 39831K [0x000000008ac00000, 0x0000000100000000)
  region size 1024K, 3 young (3072K), 3 survivors (3072K)
 Metaspace       used 51123K, committed 51392K, reserved 1114112K
  class space    used 6311K, committed 6400K, reserved 1048576K
}
Event: 17.830 GC heap before
{Heap before GC invocations=13 (full 0):
 garbage-first heap   total 89088K, used 67479K [0x000000008ac00000, 0x0000000100000000)
  region size 1024K, 30 young (30720K), 3 survivors (3072K)
 Metaspace       used 52317K, committed 52608K, reserved 1114112K
  class space    used 6383K, committed 6528K, reserved 1048576K
}
Event: 17.863 GC heap after
{Heap after GC invocations=14 (full 0):
 garbage-first heap   total 89088K, used 45900K [0x000000008ac00000, 0x0000000100000000)
  region size 1024K, 4 young (4096K), 4 survivors (4096K)
 Metaspace       used 52317K, committed 52608K, reserved 1114112K
  class space    used 6383K, committed 6528K, reserved 1048576K
}
Event: 18.994 GC heap before
{Heap before GC invocations=14 (full 0):
 garbage-first heap   total 89088K, used 67404K [0x000000008ac00000, 0x0000000100000000)
  region size 1024K, 25 young (25600K), 4 survivors (4096K)
 Metaspace       used 52487K, committed 52800K, reserved 1114112K
  class space    used 6385K, committed 6528K, reserved 1048576K
}
Event: 19.024 GC heap after
{Heap after GC invocations=15 (full 0):
 garbage-first heap   total 89088K, used 52605K [0x000000008ac00000, 0x0000000100000000)
  region size 1024K, 4 young (4096K), 4 survivors (4096K)
 Metaspace       used 52487K, committed 52800K, reserved 1114112K
  class space    used 6385K, committed 6528K, reserved 1048576K
}

